11:46:06,423  INFO TweetApplication,main:11 - The application has started
11:46:06,438  INFO MainTweetMenu,main:19 - The application is in Main Menu
11:46:21,136  INFO UserDAOImpl,main:48 - New User has been created
11:46:21,138  INFO MainTweetMenu,main:19 - The application is in Main Menu
11:47:39,503  INFO UserDAOImpl,main:48 - New Tweet is been posted
11:48:56,649  INFO MainTweetMenu,main:19 - The application is in Main Menu
12:08:57,803  INFO TweetApplication,main:11 - The application has started
12:08:57,821  INFO MainTweetMenu,main:19 - The application is in Main Menu
12:09:24,287  INFO LoginUserDAOImpl,main:63 - The User with the Email: natroy@gmail.com has logged in.
12:09:38,333  INFO UserDAOImpl,main:48 - New Tweet is been posted
12:09:40,783  INFO UserDAOImpl,main:115 - The User has requested to view his/her Tweets.
12:09:43,875  INFO UserDAOImpl,main:81 - The User has requested to view all Tweets.
12:09:51,206  INFO UserDAOImpl,main:147 - The User has requested to view all the Users.
12:09:56,617  INFO MainTweetMenu,main:19 - The application is in Main Menu
12:10:33,417 ERROR LoginUserServiceImpl,main:29 - com.tweetapp.exceptions.UserNotFoundException: User is not available for the Email: natroy@gmail.co
12:10:33,417  INFO MainTweetMenu,main:19 - The application is in Main Menu
12:10:42,752 ERROR LoginUserServiceImpl,main:29 - com.tweetapp.exceptions.UserNotFoundException: Please enter correct password for natroy@gmail.com
12:10:42,752  INFO MainTweetMenu,main:19 - The application is in Main Menu
12:10:51,645  INFO LoginUserDAOImpl,main:63 - The User with the Email: natroy@gmail.com has logged in.
12:11:18,907  INFO UserDAOImpl,main:115 - The User has requested to view his/her Tweets.
12:11:21,711  INFO UserDAOImpl,main:81 - The User has requested to view all Tweets.
12:11:23,829  INFO UserDAOImpl,main:147 - The User has requested to view all the Users.
12:11:29,272 ERROR UserDAOImpl,main:182 - Error generated: Please enter correct password for Email: natroy@gmail.com
12:11:53,656 ERROR UserDAOImpl,main:182 - Error generated: Please enter correct password for Email: natroy@gmail.com
12:12:00,701  INFO UserDAOImpl,main:176 - Updated Password Successfully in user table
12:12:07,679  INFO MainTweetMenu,main:19 - The application is in Main Menu
12:12:24,049 ERROR LoginUserDAOImpl,main:114 - Error generatedUser is not available for the Email: natroy@gmail.co
12:12:24,049  INFO MainTweetMenu,main:19 - The application is in Main Menu
12:12:32,876 ERROR LoginUserDAOImpl,main:114 - Error generatedPlease enter correct password for Email: natroy@gmail.com
12:12:32,877  INFO MainTweetMenu,main:19 - The application is in Main Menu
12:12:59,974  INFO LoginUserDAOImpl,main:102 - Updated Password Successfully in user table
12:12:59,974  INFO MainTweetMenu,main:19 - The application is in Main Menu
12:13:20,185  INFO LoginUserDAOImpl,main:63 - The User with the Email: natroy@gmail.com has logged in.
12:13:32,682  INFO MainTweetMenu,main:19 - The application is in Main Menu
